<?xml version="1.0" encoding="UTF-8"?>
<!-- Generated by org.testng.reporters.JUnitReportReporter -->
<testsuite hostname="ATMECSBLRLT-196" failures="0" tests="5" name="ParallelTestExecution.ParallelTestExecution" time="25.810" errors="0" timestamp="2022-08-24T10:45:12 GMT+05:30" skipped="0">
  <testcase classname="ParallelTestExecution.ParallelTestExecution" name="chromeParallelTestExecutionMethodLevel" time="3.329"/>
  <system-out/>
  <testcase classname="ParallelTestExecution.ParallelTestExecution" name="ParallelTestExecutionMethodLevelFifthMethod" time="6.063"/>
  <system-out/>
  <testcase classname="ParallelTestExecution.ParallelTestExecution" name="ParallelTestExecutionMethodLevelThirdMethod" time="3.292"/>
  <system-out/>
  <testcase classname="ParallelTestExecution.ParallelTestExecution" name="ParallelTestExecutionMethodLevelFourthMethod" time="5.414"/>
  <system-out/>
  <testcase classname="ParallelTestExecution.ParallelTestExecution" name="microsoftEdgeParallelTestExecutionMethodLevel" time="7.712"/>
  <system-out/>
</testsuite> <!-- ParallelTestExecution.ParallelTestExecution -->
