<?xml version="1.0" encoding="UTF-8"?>
<!-- Generated by org.testng.reporters.JUnitReportReporter -->
<testsuite hostname="ATMECSBLRLT-196" failures="0" tests="2" name="ParallelTestExecution.ParallelTestingMethodLevel" time="29.136" errors="0" timestamp="2022-06-08T15:40:17 GMT+05:30" skipped="0">
  <testcase classname="ParallelTestExecution.ParallelTestingMethodLevel" name="microsoftParallelTestingMethodLevel" time="14.061"/>
  <system-out/>
  <testcase classname="ParallelTestExecution.ParallelTestingMethodLevel" name="chromeParallelTestingMethodLevel" time="15.075"/>
  <system-out/>
</testsuite> <!-- ParallelTestExecution.ParallelTestingMethodLevel -->
