<?xml version="1.0" encoding="UTF-8"?>
<!-- Generated by org.testng.reporters.JUnitReportReporter -->
<testsuite hostname="ATMECSBLRLT-196" failures="0" tests="5" name="ParallelTestExecution.ParallelTestExecutionExample" time="0.024" errors="0" timestamp="2022-08-24T10:57:22 GMT+05:30" skipped="0">
  <testcase classname="ParallelTestExecution.ParallelTestExecutionExample" name="thirdMethod" time="0.002"/>
  <system-out/>
  <testcase classname="ParallelTestExecution.ParallelTestExecutionExample" name="fifthMethod" time="0.009"/>
  <system-out/>
  <testcase classname="ParallelTestExecution.ParallelTestExecutionExample" name="firstMethod" time="0.009"/>
  <system-out/>
  <testcase classname="ParallelTestExecution.ParallelTestExecutionExample" name="secondMethod" time="0.002"/>
  <system-out/>
  <testcase classname="ParallelTestExecution.ParallelTestExecutionExample" name="fourthMethod" time="0.002"/>
  <system-out/>
</testsuite> <!-- ParallelTestExecution.ParallelTestExecutionExample -->
