<?xml version="1.0" encoding="UTF-8"?>
<!-- Generated by org.testng.reporters.JUnitReportReporter -->
<testsuite hostname="ATMECSBLRLT-196" failures="0" tests="5" name="ParallelTestExecution.ParallelTestExecution" time="29.617" errors="0" timestamp="2022-08-24T17:05:47 GMT+05:30" skipped="0">
  <testcase classname="ParallelTestExecution.ParallelTestExecution" name="ParallelTestExecutionMethodLevelFifthMethod" time="5.660"/>
  <system-out/>
  <testcase classname="ParallelTestExecution.ParallelTestExecution" name="ParallelTestExecutionMethodLevelFourthMethod" time="7.962"/>
  <system-out/>
  <testcase classname="ParallelTestExecution.ParallelTestExecution" name="chromeParallelTestExecutionMethodLevel" time="3.970"/>
  <system-out/>
  <testcase classname="ParallelTestExecution.ParallelTestExecution" name="microsoftEdgeParallelTestExecutionMethodLevel" time="7.828"/>
  <system-out/>
  <testcase classname="ParallelTestExecution.ParallelTestExecution" name="ParallelTestExecutionMethodLevelThirdMethod" time="4.197"/>
  <system-out/>
</testsuite> <!-- ParallelTestExecution.ParallelTestExecution -->
